============================================================
  Generated by:           Genus(TM) Synthesis Solution 17.22-s017_1
  Generated on:           Mar 16 2019  10:58:09 pm
  Module:                 top_module
  Operating conditions:   PVT_1P1V_0C (balanced_tree)
  Wireload mode:          enclosed
  Area mode:              timing library
============================================================

                             Leakage    Dynamic     Total   
       Instance       Cells Power(nW)  Power(nW)  Power(nW) 
------------------------------------------------------------
top_module            36620  3813.980 225959.503 229773.483 
  uut4                31759  3103.268    720.625   3823.893 
  uut3                 3623   571.587  76653.144  77224.731 
    RC_CG_HIER_INST1      1     0.342   2395.411   2395.752 
    RC_CG_HIER_INST2      1     0.342   2395.411   2395.752 
    RC_CG_HIER_INST3      1     0.342   2395.411   2395.752 
    RC_CG_HIER_INST4      1     0.342   2395.411   2395.752 
    RC_CG_HIER_INST5      1     0.342   2395.411   2395.752 
    RC_CG_HIER_INST6      1     0.342   2395.411   2395.752 
    RC_CG_HIER_INST7      1     0.342   2395.411   2395.752 
    RC_CG_HIER_INST8      1     0.342   2395.411   2395.752 
    RC_CG_HIER_INST9      1     0.342   2395.411   2395.752 
    RC_CG_HIER_INST10     1     0.342   2395.411   2395.752 
    RC_CG_HIER_INST11     1     0.342   2395.411   2395.752 
    RC_CG_HIER_INST12     1     0.342   2395.411   2395.752 
    RC_CG_HIER_INST13     1     0.342   2395.411   2395.752 
    RC_CG_HIER_INST14     1     0.342   2395.411   2395.752 
    RC_CG_HIER_INST15     1     0.342   2395.411   2395.752 
    RC_CG_HIER_INST16     1     0.342   2395.411   2395.752 
    RC_CG_HIER_INST17     1     0.342   2395.411   2395.752 
    RC_CG_HIER_INST18     1     0.342   2395.411   2395.752 
    RC_CG_HIER_INST19     1     0.342   2395.411   2395.752 
    RC_CG_HIER_INST20     1     0.342   2395.411   2395.752 
    RC_CG_HIER_INST21     1     0.342   2395.411   2395.752 
    RC_CG_HIER_INST22     1     0.342   2395.411   2395.752 
    RC_CG_HIER_INST23     1     0.342   2395.411   2395.752 
    RC_CG_HIER_INST24     1     0.342   2395.411   2395.752 
    RC_CG_HIER_INST25     1     0.342   2395.411   2395.752 
    RC_CG_HIER_INST26     1     0.342   2395.411   2395.752 
    RC_CG_HIER_INST27     1     0.342   2395.411   2395.752 
    RC_CG_HIER_INST28     1     0.342   2395.411   2395.752 
    RC_CG_HIER_INST29     1     0.342   2395.411   2395.752 
    RC_CG_HIER_INST30     1     0.342   2395.411   2395.752 
    RC_CG_HIER_INST31     1     0.342   2395.411   2395.752 
    RC_CG_HIER_INST32     1     0.342   2395.411   2395.752 
  RC_CG_HIER_INST0        1     0.336   8100.012   8100.348 

