============================================================
  Generated by:           Genus(TM) Synthesis Solution 17.22-s017_1
  Generated on:           Mar 16 2019  10:58:08 pm
  Module:                 top_module
  Operating conditions:   PVT_1P1V_0C (balanced_tree)
  Wireload mode:          enclosed
  Area mode:              timing library
============================================================


Path 1: VIOLATED (-2921 ps) Setup Check with Pin uut3/memory_reg[31][19]/CK->D
          Group: clk
     Startpoint: (F) en
          Clock: (R) VCLK
       Endpoint: (F) uut3/memory_reg[31][19]/D
          Clock: (R) clk

                     Capture       Launch     
        Clock Edge:+    1300            0     
       Src Latency:+       0            0     
       Net Latency:+       0 (I)        0 (I) 
           Arrival:=    1300            0     
                                              
             Setup:-      17                  
       Uncertainty:-     470                  
     Required Time:=     813                  
      Launch Clock:-       0                  
       Input Delay:-     400                  
         Data Path:-    3334                  
             Slack:=   -2921                  

Exceptions/Constraints:
  input_delay             400             rv32m.sdc_line_11_2_1 

#---------------------------------------------------------------------------------------------------
#       Timing Point        Flags    Arc   Edge   Cell     Fanout Load Trans Delay Arrival Instance 
#                                                                 (fF)  (ps)  (ps)   (ps)  Location 
#---------------------------------------------------------------------------------------------------
  en                        -       -      F     (arrival)     19  6.1     0     0     400    (-,-) 
  fopt/Y                    -       A->Y   R     INVX2          1  0.3     2     5     405    (-,-) 
  g41401/Y                  (i)     B->Y   F     NOR2XL        40  0.0     0     5     409    (-,-) 
  uut3/g83459/Y             -       B->Y   R     NAND2X6       10  3.8    22     8     418    (-,-) 
  uut3/g78711__82732/Y      -       B->Y   F     NOR2BX1        1  0.5     9    13     430    (-,-) 
  uut3/g78626__9906/Y       -       B0->Y  R     AOI2BB1X1      1  0.5    14    15     446    (-,-) 
  uut3/g78585__7114/Y       -       B->Y   F     NAND2BX1       2  0.8    17    17     463    (-,-) 
  uut4/g210639/Y            -       B->Y   R     NOR2X1         2  0.6    16    16     479    (-,-) 
  uut4/g210637/Y            -       B->Y   F     NAND2XL        1  0.5    17    17     496    (-,-) 
  uut4/g210636/Y            -       A->Y   R     NOR2X1         1  0.6    15    18     514    (-,-) 
  uut4/g241428/Y            -       B->Y   R     CLKAND2X3      3  2.7    10    25     538    (-,-) 
  uut4/g241433/Y            -       A->Y   F     NAND2X2        5  1.9    19    19     557    (-,-) 
  uut4/g223147/Y            -       B->Y   R     NOR2X1         2  1.0    21    20     577    (-,-) 
  uut4/g223145/Y            -       A1->Y  F     OAI21X1        3  0.8    22    21     598    (-,-) 
  uut4/g232960/Y            -       AN->Y  F     NAND2BXL       1  0.5    17    24     622    (-,-) 
  uut4/g210569/Y            -       A->Y   R     NOR2X1         1  0.5    14    17     639    (-,-) 
  uut4/g216128/Y            -       B->Y   F     NAND2X1        1  0.9    18    17     657    (-,-) 
  uut4/g216127/Y            -       A->Y   R     NOR2X2         4  1.2    15    18     674    (-,-) 
  uut4/g250605/Y            -       A0N->Y R     OAI2BB1XL      3  0.9    16    28     703    (-,-) 
  uut4/g250603/Y            -       B->Y   F     NAND2XL        1  0.4    16    16     719    (-,-) 
  uut4/g208869/Y            -       A->Y   R     NAND2X1        1  0.9    13    14     733    (-,-) 
  uut4/g240889/Y            -       B->Y   F     NAND2X2        4  1.6    19    17     749    (-,-) 
  uut4/g239576/Y            -       A1->Y  R     AOI21X1        1  0.5    17    19     768    (-,-) 
  uut4/g1487/Y              -       B->Y   F     NOR2X1         1  0.9    13    13     781    (-,-) 
  uut4/g250106/Y            -       A->Y   R     NOR2X2         4  1.9    19    19     800    (-,-) 
  uut4/fopt226885/Y         -       A->Y   F     INVX2          3  1.3     9    12     812    (-,-) 
  uut4/g1164/Y              -       B->Y   R     NAND2X2        2  1.2    11     9     821    (-,-) 
  uut4/g240409/Y            -       C->Y   F     NAND3X2        1  0.9    23    20     841    (-,-) 
  uut4/g240405/Y            -       A1->Y  R     AOI21X2        2  1.2    17    20     861    (-,-) 
  uut4/g240404/Y            -       A->Y   F     NOR2X2         7  1.8    13    15     876    (-,-) 
  uut4/rem_63_54_g193976/Y  -       A1N->Y F     OAI2BB1XL      1  0.2    11    19     895    (-,-) 
  uut4/rem_63_54_g182444/Y  -       B->Y   R     NOR2XL         1  0.3    13    13     908    (-,-) 
  uut4/g253292/Y            -       B->Y   F     NAND2XL        2  0.4    15    15     923    (-,-) 
  uut4/fopt253291/Y         -       A->Y   R     INVXL          2  0.6    10    12     936    (-,-) 
  uut4/fopt253290/Y         -       A->Y   F     INVXL          2  0.6     9    10     946    (-,-) 
  uut4/rem_63_54_g194734/Y  -       B->Y   R     NOR2X1         3  0.9    19    16     961    (-,-) 
  uut4/g98_dup/Y            -       A1N->Y R     AOI2BB1XL      1  0.3    14    20     981    (-,-) 
  uut4/g225371/Y            -       AN->Y  R     NAND2BX1       1  1.0    12    20    1002    (-,-) 
  uut4/g258739/Y            -       A->Y   F     NAND2X2        6  1.7    19    19    1020    (-,-) 
  uut4/g258743/Y            -       B->Y   R     NAND2X1        1  0.9    14    13    1034    (-,-) 
  uut4/g258741/Y            -       B->Y   F     NAND2X2        1  0.8    13    14    1048    (-,-) 
  uut4/g258740/Y            -       B->Y   R     NOR2X2         1  1.9    19    17    1065    (-,-) 
  uut4/g247185/Y            -       B->Y   F     NAND2X4        8  3.2    20    19    1083    (-,-) 
  uut4/rem_63_54_g247189/Y  -       B->Y   R     NOR2X1         1  0.5    15    16    1100    (-,-) 
  uut4/g216824/Y            -       A1->Y  F     OAI21X1        2  0.6    19    18    1118    (-,-) 
  uut4/g216821/Y            -       B->Y   F     AND2XL         1  0.5     8    18    1136    (-,-) 
  uut4/g216820/Y            -       A->Y   R     NOR2X1         1  0.5    14    15    1151    (-,-) 
  uut4/g216816/Y            -       B->Y   F     NAND2X1        1  0.8    17    17    1167    (-,-) 
  uut4/g239836/Y            -       B->Y   R     NAND2X2        3  1.3    10    12    1179    (-,-) 
  uut4/g224968/Y            -       A->Y   F     INVX1          1  0.8     8    10    1189    (-,-) 
  uut4/g221716/Y            -       B->Y   R     NAND2X2        7  2.5    16    11    1200    (-,-) 
  uut4/g221718/Y            -       A->Y   F     INVX1          2  1.0    10    12    1212    (-,-) 
  uut4/g219423/Y            -       B->Y   R     NAND2X2        1  0.9     9     9    1221    (-,-) 
  uut4/g221868/Y            -       C->Y   F     NAND3X2        5  1.2    26    21    1242    (-,-) 
  uut4/g225074/Y            -       B->Y   F     OR2XL          1  0.9    13    28    1270    (-,-) 
  uut4/g225073/Y            -       A0->Y  R     AOI21X2        2  1.3    18    20    1290    (-,-) 
  uut4/g225070/Y            -       B->Y   F     NOR2X2         1  1.7    15    13    1303    (-,-) 
  uut4/g225066/Y            -       B->Y   R     NOR2X4         2  1.3    12    12    1316    (-,-) 
  uut4/g225064/Y            -       A1->Y  F     OAI21X2        3  0.8    18    16    1332    (-,-) 
  uut4/g211446/Y            -       B->Y   R     NAND2XL        1  0.9    16    16    1348    (-,-) 
  uut4/g211443/Y            -       B->Y   F     NAND2X2        2  2.2    22    20    1367    (-,-) 
  uut4/g240420/Y            -       A->Y   R     NOR2X4         7  3.5    19    20    1388    (-,-) 
  uut4/g2107/Y              -       A->Y   F     INVX1          3  1.3    13    14    1402    (-,-) 
  uut4/g239786/Y            -       B->Y   R     NOR2X2         1  1.9    19    17    1419    (-,-) 
  uut4/g239785/Y            -       C->Y   F     NOR3X4         5  1.6    13    12    1430    (-,-) 
  uut4/rem_63_54_g201066/Y  -       B->Y   R     NAND2X1        3  0.9    11    12    1442    (-,-) 
  uut4/fopt204574/Y         -       A->Y   F     INVXL          1  0.4     7     9    1452    (-,-) 
  uut4/g239704/Y            -       B->Y   R     NOR3X1         1  0.5    23    22    1474    (-,-) 
  uut4/g374/Y               -       A->Y   F     NAND2X1        1  0.8    18    21    1495    (-,-) 
  uut4/g249176/Y            -       B->Y   R     NAND2X2        4  2.0    14    13    1508    (-,-) 
  uut4/rem_63_54_g202708/Y  -       A1->Y  F     AOI21X1        2  0.9    23    22    1530    (-,-) 
  uut4/rem_63_54_g181370/Y  -       A1->Y  R     OAI21X1        1  0.6    21    22    1551    (-,-) 
  uut4/rem_63_54_g186565/Y  -       B->Y   F     XOR2XL         1  0.9    13    37    1588    (-,-) 
  uut4/rem_63_54_g181216/Y  -       A1->Y  R     AOI21X2        1  0.9    16    17    1605    (-,-) 
  uut4/rem_63_54_g181123/Y  -       B->Y   F     NAND2X2        5  1.8    20    18    1623    (-,-) 
  uut4/g770/Y               -       B->Y   R     NAND2BXL       1  0.3     9    13    1636    (-,-) 
  uut4/g759/Y               -       B0->Y  F     OAI31XL        1  0.3    21    20    1656    (-,-) 
  uut4/rem_63_54_g180906/Y  -       A1->Y  R     AOI21XL        1  0.3    18    19    1675    (-,-) 
  uut4/g1034/Y              -       B->Y   F     NOR2XL         1  0.5    11    13    1688    (-,-) 
  uut4/g412/Y               -       B0->Y  R     AOI2BB1X1      1  0.9    19    19    1706    (-,-) 
  uut4/g411/Y               -       B0->Y  F     OAI21X2        1  1.7    24    23    1729    (-,-) 
  uut4/g255655/Y            -       B->Y   R     NAND2X4       11  5.3    16    15    1744    (-,-) 
  uut4/rem_63_54_g180830/Y  -       B->Y   F     NOR2XL         1  0.4     9    12    1756    (-,-) 
  uut4/rem_63_54_g180823/Y  -       B0->Y  R     AOI21X1        1  0.3    15    14    1770    (-,-) 
  uut4/g227752/Y            -       B->Y   R     AND2XL         1  0.9    13    26    1795    (-,-) 
  uut4/g227749/Y            -       B->Y   F     NAND2X2        6  1.6    18    17    1812    (-,-) 
  uut4/rem_63_54_g227753/Y  -       B->Y   R     NOR2X1         2  1.0    21    19    1831    (-,-) 
  uut4/g224441/Y            -       A1->Y  F     OAI21X1        1  0.4    16    19    1850    (-,-) 
  uut4/g224440/Y            -       B->Y   R     NOR2X1         2  0.8    18    17    1867    (-,-) 
  uut4/g244102/Y            -       B->Y   F     NOR2X1         1  0.8    11    13    1880    (-,-) 
  uut4/g677/Y               -       B->Y   R     NOR2X2         2  1.0    14    13    1893    (-,-) 
  uut4/g244097/Y            -       A1->Y  F     OAI21X1        1  0.8    21    19    1912    (-,-) 
  uut4/g244093/Y            -       B->Y   R     NOR2X2         2  2.2    23    20    1933    (-,-) 
  uut4/g244065/Y            -       B->Y   F     NOR2X4         9  5.8    17    16    1949    (-,-) 
  uut4/g258148/Y            -       A->Y   R     INVX4          8  3.4    10    11    1960    (-,-) 
  uut4/g258150/Y            -       B->Y   F     NOR2X1         1  0.9    11    11    1970    (-,-) 
  uut4/g258149/Y            -       A->Y   R     NOR2X2         1  1.9    19    19    1989    (-,-) 
  uut4/g223693/Y            -       C->Y   F     NAND3X4        7  2.5    29    24    2013    (-,-) 
  uut4/g203971/Y            -       B->Y   R     NOR2X1         2  0.8    20    21    2035    (-,-) 
  uut4/rem_63_54_g203973/Y  -       B->Y   F     NOR2X1         2  0.6    10    13    2047    (-,-) 
  uut4/rem_63_54_g179795/Y  -       AN->Y  F     NOR2BXL        1  0.3     8    16    2064    (-,-) 
  uut4/g220575/Y            -       A0N->Y F     OAI2BB1XL      2  0.5    17    24    2087    (-,-) 
  uut4/g47/Y                -       A->Y   R     NAND2XL        1  0.5    12    14    2102    (-,-) 
  uut4/g220574/Y            -       A->Y   F     NAND2X1        2  1.0    20    19    2121    (-,-) 
  uut4/g219852/Y            -       B->Y   R     NAND2X2        1  1.9    12    13    2134    (-,-) 
  uut4/g216443/Y            -       B->Y   F     NAND2X4        1  2.5    17    16    2150    (-,-) 
  uut4/g227296/Y            -       B->Y   R     NAND2X6       14  6.4    13    13    2162    (-,-) 
  uut4/fopt227298/Y         -       A->Y   F     CLKINVX4       3  3.0     9    10    2173    (-,-) 
  uut4/g248201/Y            -       B->Y   R     NOR2X6        12  4.4    16    14    2187    (-,-) 
  uut4/fopt229842/Y         -       A->Y   F     INVX1          3  0.9    10    12    2200    (-,-) 
  uut4/fopt229840/Y         -       A->Y   R     INVX1          1  0.5     6     8    2208    (-,-) 
  uut4/rem_63_54_g194064/Y  -       A1->Y  F     OAI21X1        1  0.4    17    14    2222    (-,-) 
  uut4/g222948/Y            -       B0->Y  R     AOI21X1        2  0.8    21    20    2242    (-,-) 
  uut4/g222950/Y            -       B->Y   F     NOR2X1         2  0.5    10    13    2255    (-,-) 
  uut4/g220037/Y            -       A->Y   R     NAND2XL        1  1.0    17    15    2270    (-,-) 
  uut4/g222970/Y            -       A->Y   F     NAND2X2        2  1.0    15    17    2288    (-,-) 
  uut4/g222919/Y            -       B->Y   R     NAND2X2        1  1.9    12    12    2300    (-,-) 
  uut4/g216391/Y            -       B->Y   F     NAND2X4        6  2.8    18    16    2316    (-,-) 
  uut4/g240703/Y            -       B->Y   R     NAND2X2        1  1.9    12    13    2328    (-,-) 
  uut4/g240701/Y            -       B->Y   F     NAND2X4        5  2.8    18    16    2345    (-,-) 
  uut4/g220936/Y            -       A1N->Y F     OAI2BB1X4      1  3.3    21    35    2379    (-,-) 
  uut4/g224282/Y            -       B->Y   R     NOR2X8        16  7.5    21    18    2397    (-,-) 
  uut4/rem_63_54_g205199/Y  -       B->Y   R     AND2XL         1  0.9    13    27    2424    (-,-) 
  uut4/g249539/Y            -       A->Y   F     NOR2X2         6  1.6    12    13    2437    (-,-) 
  uut4/g249537/Y            -       B->Y   R     NAND2XL        3  0.9    16    14    2451    (-,-) 
  uut4/g211914/Y            -       A->Y   R     AND2XL         1  0.5     9    25    2476    (-,-) 
  uut4/g211913/Y            -       B->Y   F     NAND2X1        1  0.8    17    15    2491    (-,-) 
  uut4/g211911/Y            -       B->Y   R     NOR2X2         1  0.9    14    14    2505    (-,-) 
  uut4/g211910/Y            -       A->Y   F     NOR2X2         3  0.9    10    12    2517    (-,-) 
  uut4/rem_63_54_g178099/Y  -       B->Y   R     NOR2X1         1  1.0    20    16    2534    (-,-) 
  uut4/rem_63_54_g178055/Y  -       B->Y   F     NOR2X2         2  0.8     9    12    2545    (-,-) 
  uut4/rem_63_54_g178047/Y  -       B->Y   R     NOR2X1         1  1.9    31    23    2568    (-,-) 
  uut4/rem_63_54_g204277/Y  -       B->Y   F     NOR2X4         2  5.0    17    17    2585    (-,-) 
  uut4/rem_63_54_g177978/Y  -       B->Y   R     NAND2X8       21  8.1    15    13    2598    (-,-) 
  uut4/rem_63_54_g177928/Y  -       B->Y   F     NOR2X1         1  0.4    10    11    2608    (-,-) 
  uut4/rem_63_54_g194654/Y  -       C->Y   R     NOR3X1         1  0.5    23    18    2626    (-,-) 
  uut4/g194653/Y            -       B->Y   F     NAND2X1        6  1.2    23    22    2648    (-,-) 
  uut4/fopt201746/Y         -       A->Y   R     INVXL          1  0.3     8    13    2661    (-,-) 
  uut4/rem_63_54_g177635/Y  -       B->Y   F     NAND2XL        2  0.4    17    13    2675    (-,-) 
  uut4/g214762/Y            -       B->Y   R     NAND2XL        2  0.6    12    13    2688    (-,-) 
  uut4/rem_63_54_g177222/Y  -       A->Y   F     NOR2XL         1  0.4    10    12    2700    (-,-) 
  uut4/g221002/Y            -       B->Y   R     NOR2X1         1  0.5    14    13    2713    (-,-) 
  uut4/g221001/Y            -       A->Y   F     NAND2X1        3  0.9    18    19    2732    (-,-) 
  uut4/g220999/Y            -       B->Y   R     NAND2X1        2  1.2    14    14    2746    (-,-) 
  uut4/g213756/Y            -       B->Y   F     NAND2X2        2  1.0    15    15    2761    (-,-) 
  uut4/g240652/Y            -       B->Y   R     NAND2X2        1  1.9    12    12    2773    (-,-) 
  uut4/g240650/Y            -       B->Y   F     NAND2X4        2  3.3    19    17    2790    (-,-) 
  uut4/g95_dup/Y            -       B->Y   R     NAND2X2        2  2.3    14    14    2804    (-,-) 
  uut4/g224098/Y            -       A->Y   F     NAND2X4       18  4.0    24    21    2825    (-,-) 
  uut4/rem_63_54_g176856/Y  -       B->Y   F     OR2XL          1  0.7    10    27    2852    (-,-) 
  uut4/rem_63_54_g247197/Y  -       A->Y   F     CLKAND2X3      6  3.2    12    30    2881    (-,-) 
  uut4/rem_63_54_g176543/Y  -       B->Y   R     NAND2X2        3  1.7    11    11    2892    (-,-) 
  uut4/rem_63_54_g176366/Y  -       B->Y   F     NAND2X2        2  0.8    13    13    2905    (-,-) 
  uut4/g107/Y               -       A->Y   R     NOR3X1         1  0.5    23    26    2932    (-,-) 
  uut4/g105/Y               -       B->Y   F     NOR2X1         2  0.4    10    13    2945    (-,-) 
  uut4/g213708/Y            -       B->Y   R     NOR2XL         2  1.0    28    21    2966    (-,-) 
  uut4/rem_63_54_g198709/Y  -       B->Y   F     NOR2X1         1  0.8    12    16    2982    (-,-) 
  uut4/g213825/Y            -       B->Y   R     NOR2X2         1  1.9    19    17    2999    (-,-) 
  uut4/rem_63_54_g175894/Y  -       A->Y   F     NOR2X4         1  2.5    12    14    3013    (-,-) 
  uut4/g253852/Y            -       B->Y   R     NOR2X6         5  3.5    15    14    3026    (-,-) 
  uut4/g229056/Y            -       A->Y   F     INVX3          4  2.9    11    12    3038    (-,-) 
  uut4/g229055/Y            -       A->Y   R     NAND2X4       16  5.9    16    14    3052    (-,-) 
  uut4/rem_63_54_g206754/Y  -       A->Y   F     INVX3          6  1.6     8    10    3062    (-,-) 
  uut4/g206406/Y            -       B->Y   R     NAND2X1        1  0.9    11    10    3073    (-,-) 
  uut4/rem_63_54_g199879/Y  -       C->Y   F     NAND3X2        2  1.0    24    20    3093    (-,-) 
  uut4/fopt201812/Y         -       A->Y   R     INVX2          5  2.5    14    15    3107    (-,-) 
  uut4/fopt201815/Y         -       A->Y   F     INVX1          2  1.1    10    12    3120    (-,-) 
  uut4/rem_63_54_g201816/Y  -       B->Y   R     NAND2X2        2  0.8    11     9    3128    (-,-) 
  uut4/g238980/Y            -       B0->Y  F     OAI2BB1X1      2  0.6    15    17    3145    (-,-) 
  uut4/g213493/Y            -       A1->Y  R     AOI21XL        1  0.3    17    18    3163    (-,-) 
  uut4/rem_63_54_g204462/Y  -       A->Y   F     NAND2XL        2  0.5    17    19    3182    (-,-) 
  uut4/g204466/Y            -       B->Y   R     NAND2XL        1  0.5    11    13    3195    (-,-) 
  uut4/g204464/Y            -       B->Y   F     NAND2X1        2  0.8    17    16    3210    (-,-) 
  uut4/rem_63_54_g204463/Y  -       B->Y   R     NAND2X1        1  2.0    19    17    3227    (-,-) 
  uut4/rem_63_54_g174836/Y  -       A->Y   F     NAND2X4        1  2.5    18    19    3246    (-,-) 
  uut4/g219127/Y            -       B->Y   R     NAND2X6        7  7.2    14    13    3260    (-,-) 
  uut4/fopt204741/Y         -       A->Y   F     INVX2          2  0.7     6     9    3269    (-,-) 
  uut4/g204740/Y            -       B->Y   R     NAND2X1        1  0.5     8     8    3277    (-,-) 
  uut4/rem_63_54_g203488/Y  -       B->Y   F     NAND2X1        1  0.8    17    15    3292    (-,-) 
  uut4/rem_63_54_g174641/Y  -       B0->Y  R     AOI21X2        1  1.0    17    17    3309    (-,-) 
  uut4/rem_63_54_g243813/Y  -       A->Y   F     NAND2X2        7  2.4    23    22    3331    (-,-) 
  uut4/g243815/Y            -       B->Y   R     NOR2X1         3  1.1    23    22    3353    (-,-) 
  uut4/g243818/Y            -       A1->Y  F     OAI21X1        2  0.6    19    20    3374    (-,-) 
  uut4/rem_63_54_g253528/Y  -       A1->Y  R     AOI21X1        1  0.5    18    19    3392    (-,-) 
  uut4/g253527/Y            -       A->Y   F     NAND2X1        2  0.6    15    18    3410    (-,-) 
  uut4/g253526/Y            -       B->Y   R     NAND2X1        1  1.0    12    13    3423    (-,-) 
  uut4/g240566/Y            -       A->Y   F     NAND2X2        4  1.8    20    19    3442    (-,-) 
  uut4/g166/Y               -       A0->Y  R     AOI21X2        1  1.9    23    25    3466    (-,-) 
  uut4/g258142/Y            -       B->Y   F     NAND2X4        4  2.2    18    18    3484    (-,-) 
  uut4/g258144/Y            -       B->Y   R     NAND2X2        2  2.2    13    13    3497    (-,-) 
  uut4/rem_63_54_g258143/Y  -       A->Y   F     NOR2X4        14  3.8    14    14    3511    (-,-) 
  uut4/rem_63_54_g200912/Y  -       A1N->Y F     OAI2BB1X1      2  0.5    15    23    3535    (-,-) 
  uut4/g200915/Y            -       AN->Y  F     NAND2BXL       1  0.2    11    20    3554    (-,-) 
  uut4/rem_63_54_g173290/Y  -       B->Y   R     NOR2XL         1  0.3    14    13    3568    (-,-) 
  uut4/rem_63_54_g231001/Y  -       A->Y   R     AND2XL         2  0.9    13    27    3595    (-,-) 
  uut4/rem_63_54_g248552/Y  -       B->Y   R     CLKAND2X3      7  3.7    13    26    3621    (-,-) 
  uut4/g243563/Y            -       B->Y   F     NAND2X4        5  1.7    14    14    3635    (-,-) 
  uut4/fopt243565/Y         -       A->Y   R     INVX2          4  1.8    10    11    3646    (-,-) 
  uut4/rem_63_54_g243570/Y  -       A1->Y  F     AOI21X1        1  0.7    20    19    3665    (-,-) 
  uut4/g230667/Y            -       S0->Y  F     MXI2X1         1  0.8    24    26    3691    (-,-) 
  uut4/g230666/Y            -       B->Y   R     NAND2X2        1  3.9    20    18    3710    (-,-) 
  uut4/g51150/Y             -       A->Y   F     NAND2X8       33  9.6    28    24    3734    (-,-) 
  uut3/memory_reg[31][19]/D <<<     -      F     DFFQXL        33    -     -     0    3734    (-,-) 
#---------------------------------------------------------------------------------------------------

(i) : Net is ideal.

